<?xml version="1.0" encoding="UTF-8"?>
<!-- Generated by org.testng.reporters.JUnitReportReporter -->
<testsuite hostname="LAPTOP-JVGK89RA" failures="0" tests="2" name="org.testng.MobilePurchase" time="46.494" errors="0" timestamp="07 Dec 2022 08:47:58 GMT" skipped="0">
  <testcase classname="org.testng.MobilePurchase" name="search" time="1.525"/>
  <testcase classname="org.testng.MobilePurchase" name="login" time="44.969"/>
</testsuite> <!-- org.testng.MobilePurchase -->
