<?xml version="1.0" encoding="UTF-8"?>
<!-- Generated by org.testng.reporters.JUnitReportReporter -->
<testsuite hostname="LAPTOP-JVGK89RA" failures="0" tests="2" name="org.testng.Employej" time="8.886" errors="0" timestamp="2022-12-25T20:52:21 IST" skipped="0">
  <testcase classname="org.testng.Employej" name="tc1" time="5.986"/>
  <system-out/>
  <testcase classname="org.testng.Employej" name="tc11" time="2.900"/>
  <system-out/>
</testsuite> <!-- org.testng.Employej -->
